<?xml version="1.0" encoding="UTF-8"?>
<!-- Generated by org.testng.reporters.JUnitReportReporter -->
<testsuite hostname="RK-CDAPITANON" failures="0" tests="1" name="testCases.TestSample" time="9.398" errors="0" timestamp="2023-01-18T11:03:53 PST" skipped="0">
  <testcase classname="testCases.TestSample" name="testsample" time="9.398"/>
  <system-out/>
</testsuite> <!-- testCases.TestSample -->
